[21-Feb-2022 15:42:15 UTC] PHP Fatal error:  Cannot declare class Debug_Bar, because the name is already in use in /var/www/html/wp-content/plugins/debug-bar/debug-bar.php on line 20
[21-Feb-2022 15:46:38 UTC] PHP Fatal error:  Uncaught Error: Call to undefined function the_header() in /var/www/html/wp-content/themes/wp-dashboard/index.php:1
Stack trace:
#0 /var/www/html/wp-includes/template-loader.php(106): include()
#1 /var/www/html/wp-blog-header.php(19): require_once('/var/www/html/w...')
#2 /var/www/html/index.php(17): require('/var/www/html/w...')
#3 {main}
  thrown in /var/www/html/wp-content/themes/wp-dashboard/index.php on line 1
[22-Feb-2022 12:44:25 UTC] PHP Fatal error:  Uncaught ArgumentCountError: Too few arguments to function get_page_children(), 0 passed in /var/www/html/wp-content/themes/wp-dashboard/page.php on line 24 and exactly 2 expected in /var/www/html/wp-includes/post.php:5794
Stack trace:
#0 /var/www/html/wp-content/themes/wp-dashboard/page.php(24): get_page_children()
#1 /var/www/html/wp-includes/template-loader.php(106): include('/var/www/html/w...')
#2 /var/www/html/wp-blog-header.php(19): require_once('/var/www/html/w...')
#3 /var/www/html/index.php(17): require('/var/www/html/w...')
#4 {main}
  thrown in /var/www/html/wp-includes/post.php on line 5794
[22-Feb-2022 13:35:17 UTC] PHP Notice:  Undefined property: SearchWP_Live_Search_Form::$last_version in /var/www/html/wp-content/plugins/searchwp-live-ajax-search/searchwp-live-ajax-search.php on line 68
[22-Feb-2022 13:35:17 UTC] PHP Warning:  Cannot modify header information - headers already sent by (output started at /var/www/html/wp-content/plugins/searchwp-live-ajax-search/searchwp-live-ajax-search.php:68) in /var/www/html/wp-includes/functions.php on line 6821
[22-Feb-2022 13:35:17 UTC] PHP Warning:  Cannot modify header information - headers already sent by (output started at /var/www/html/wp-content/plugins/searchwp-live-ajax-search/searchwp-live-ajax-search.php:68) in /var/www/html/wp-admin/includes/misc.php on line 1310
[22-Feb-2022 13:35:17 UTC] PHP Warning:  Cannot modify header information - headers already sent by (output started at /var/www/html/wp-content/plugins/searchwp-live-ajax-search/searchwp-live-ajax-search.php:68) in /var/www/html/wp-admin/admin-header.php on line 9
[23-Feb-2022 07:48:01 UTC] WordPress database error You have an error in your SQL syntax; check the manual that corresponds to your MariaDB server version for the right syntax to use near 'CONTAINS '[restrict]' OR 
                          post_content CONTAINS '[n...' at line 2 for query SELECT * FROM in22_posts WHERE 
                          post_content CONTAINS '[restrict]' OR 
                          post_content CONTAINS '[not_logged_in]' OR
                          post_content CONTAINS '[login_form]' OR
                          post_content CONTAINS '[register_form]' OR
                          LIMIT 1 made by activate_plugin, plugin_sandbox_scrape, include_once('/plugins/restrict-content/restrictcontent.php'), RC_Requirements_Check->__construct, RC_Requirements_Check->load, RC_Requirements_Check->restrict_content_check_posts_for_shortcode
[23-Feb-2022 10:29:26 UTC] PHP Warning:  Invalid argument supplied for foreach() in /var/www/html/wp-content/themes/wp-dashboard/single-teambuildings.php on line 26
